<?xml version="1.0" encoding="UTF-8"?>
<robot generator="Robot 7.1 (Python 3.12.6 on win32)" generated="2025-04-17T16:30:16.962081" rpa="false" schemaversion="5">
<suite id="s1" name="Company.Copia" source="C:\Projetos-Academy\Academy-13-Quality-Eagles_robot\company.copia.robot">
<test id="s1-t1" name="Test Case 1 - Login and Create Company" line="12">
<kw name="Create Session" owner="RequestsLibrary">
<msg time="2025-04-17T16:30:18.309475" level="INFO">Creating Session using : alias=qualityeagles, url=https://example.com, headers=Create Dictionary accept=application/json content-type=application/json,                     cookies={}, auth=None, timeout=None, proxies=None, verify=True,                     debug=0 </msg>
<msg time="2025-04-17T16:30:18.310473" level="FAIL">ValueError: not enough values to unpack (expected 2, got 1)</msg>
<arg>qualityeagles</arg>
<arg>${BASE_URL}</arg>
<arg>headers=${headers}</arg>
<arg>verify=True</arg>
<doc>Create Session: create a HTTP session to a server</doc>
<status status="FAIL" start="2025-04-17T16:30:18.308478" elapsed="0.003990">ValueError: not enough values to unpack (expected 2, got 1)</status>
</kw>
<kw name="Get Token">
<var>${token}</var>
<arg>${email}</arg>
<arg>${password}</arg>
<doc>Função que realiza o login e retorna o token</doc>
<status status="NOT RUN" start="2025-04-17T16:30:18.313465" elapsed="0.000000"/>
</kw>
<kw name="Create Dictionary" owner="BuiltIn">
<var>${address_item}</var>
<arg>zipCode=04777001</arg>
<arg>city=São Paulo</arg>
<arg>state=SP</arg>
<arg>district=Rua das Flores</arg>
<arg>street=Avenida Interlagos</arg>
<arg>number=50</arg>
<arg>complement=de 4503 ao fim - lado ímpar</arg>
<arg>country=Brasil</arg>
<doc>Creates and returns a dictionary based on the given ``items``.</doc>
<status status="NOT RUN" start="2025-04-17T16:30:18.314463" elapsed="0.000000"/>
</kw>
<kw name="Create List" owner="BuiltIn">
<var>${address}</var>
<arg>${address_item}</arg>
<doc>Returns a list containing given items.</doc>
<status status="NOT RUN" start="2025-04-17T16:30:18.315459" elapsed="0.000000"/>
</kw>
<kw name="Create Dictionary" owner="BuiltIn">
<var>${body}</var>
<arg>corporateName=Teste do Teste</arg>
<arg>registerCompany=12120056000155</arg>
<arg>mail=test@test.com</arg>
<arg>matriz=Teste</arg>
<arg>responsibleContact=Marcio</arg>
<arg>telephone=99999999999999</arg>
<arg>serviceDescription=Testes</arg>
<arg>address=${address}</arg>
<doc>Creates and returns a dictionary based on the given ``items``.</doc>
<status status="NOT RUN" start="2025-04-17T16:30:18.316459" elapsed="0.000995"/>
</kw>
<kw name="POST On Session" owner="RequestsLibrary">
<var>${resposta}</var>
<arg>alias=qualityeagles</arg>
<arg>url=/company</arg>
<arg>json=${body}</arg>
<arg>headers=${headers}</arg>
<arg>token=${token}</arg>
<doc>Sends a POST request on a previously created HTTP Session.</doc>
<status status="NOT RUN" start="2025-04-17T16:30:18.317454" elapsed="0.000000"/>
</kw>
<kw name="Log" owner="BuiltIn">
<arg>Response: ${resposta}</arg>
<doc>Logs the given message with the given level.</doc>
<status status="NOT RUN" start="2025-04-17T16:30:18.319449" elapsed="0.000000"/>
</kw>
<kw name="Get From Dictionary" owner="Collections">
<var>${company_id}</var>
<arg>${resposta.json()}</arg>
<arg>newCompany._id</arg>
<doc>Returns a value from the given ``dictionary`` based on the given ``key``.</doc>
<status status="NOT RUN" start="2025-04-17T16:30:18.320447" elapsed="0.000000"/>
</kw>
<kw name="Should Not Be Empty" owner="BuiltIn">
<arg>${company_id}</arg>
<arg>Company ID should not be empty</arg>
<doc>Verifies that the given item is not empty.</doc>
<status status="NOT RUN" start="2025-04-17T16:30:18.320447" elapsed="0.000000"/>
</kw>
<kw name="Log" owner="BuiltIn">
<arg>Company created with ID: ${company_id}</arg>
<doc>Logs the given message with the given level.</doc>
<status status="NOT RUN" start="2025-04-17T16:30:18.321445" elapsed="0.000000"/>
</kw>
<doc>Test for logging in, getting the token, and creating a company</doc>
<status status="FAIL" start="2025-04-17T16:30:18.305486" elapsed="0.016956">ValueError: not enough values to unpack (expected 2, got 1)</status>
</test>
<status status="FAIL" start="2025-04-17T16:30:16.967069" elapsed="1.357368"/>
</suite>
<statistics>
<total>
<stat pass="0" fail="1" skip="0">All Tests</stat>
</total>
<tag>
</tag>
<suite>
<stat pass="0" fail="1" skip="0" id="s1" name="Company.Copia">Company.Copia</stat>
</suite>
</statistics>
<errors>
</errors>
</robot>
